[11-06-2025 20:47:00] [INICIO SESIÓN] Usuario 'administracion' inició sesión como administrador.
[11-06-2025 20:47:06] [BÚSQUEDA] Usuario 'admin' buscó paciente con DNI: 44423507
[11-06-2025 20:47:06] [ENCONTRADO] Paciente encontrado: Romero Eckerdt, Sofía. (DNI: 44423507)
[11-06-2025 20:47:10] [BÚSQUEDA] Usuario 'admin' buscó paciente con DNI: 44444444
[11-06-2025 20:47:10] [NO ENCONTRADO] Paciente no encontrado con DNI: 44444444
[11-06-2025 20:48:02] [INICIO SESIÓN] Usuario 'sromeroeckerdt@uade.edu.ar' inició sesión.
[11-06-2025 20:48:18] [TURNO] Paciente Sofia Yazmin Romero Eckerdt (DNI: 44423507) ha agendado un turno para el 2025-06-23.
[12-06-2025 14:41:45] [ERROR INICIO SESIÓN] Usuario 'admin' intentó iniciar sesión y falló.
[12-06-2025 14:41:57] [INICIO SESIÓN] Usuario 'administracion' inició sesión como administrador.
[12-06-2025 14:43:09] [BÚSQUEDA] Usuario 'admin' buscó paciente con DNI: 44423507
[12-06-2025 14:43:09] [ENCONTRADO] Paciente encontrado: Romero Eckerdt, Sofía. (DNI: 44423507)
[12-06-2025 14:44:24] [REGISTRO] Usuario 'admin' registró nuevo paciente: Fernandez, Nahuel. (DNI: 44398617)
[12-06-2025 14:44:43] [ERROR INICIO SESIÓN] Usuario 'nahuelfernandez109@gmail.com' intentó iniciar sesión y falló.
[12-06-2025 14:48:28] [ERROR INICIO SESIÓN] Usuario 'admin' intentó iniciar sesión y falló.
[12-06-2025 14:49:29] [INICIO SESIÓN] Usuario 'administracion' inició sesión como administrador.
[12-06-2025 14:49:55] [REGISTRO] Usuario 'admin' registró nuevo paciente: Fe, Na. (DNI: 44398618)
[12-06-2025 14:55:37] [REGISTRO] Usuario 'nahuelfernandez105@gmail.com' se registró exitosamente.
[12-06-2025 14:55:53] [INICIO SESIÓN] Usuario 'nahuelfernandez105@gmail.com' inició sesión.
[12-06-2025 14:56:50] [TURNO] Paciente Nahuel Román Fernández (DNI: 44398615) ha agendado un turno para el 2025-06-20.
[12-06-2025 14:56:55] [ELIMINACIÓN] Paciente con DNI 44398615 ha sido eliminado.
[12-06-2025 14:59:06] [INICIO SESIÓN] Usuario 'administracion' inició sesión como administrador.
[12-06-2025 15:00:06] [REGISTRO] Usuario 'admin' registró nuevo paciente: Fasf, Ads. (DNI: 12345678)
[12-06-2025 15:05:33] [ELIMINACIÓN] Usuario 'admin' eliminó paciente: Fe, Na. (DNI: 44398618)
[12-06-2025 15:05:40] [INICIO SESIÓN] Usuario 'nahuelfernandez105@gmail.com' inició sesión.
[12-06-2025 15:05:55] [INICIO SESIÓN] Usuario 'administracion' inició sesión como administrador.
[12-06-2025 15:06:08] [ELIMINACIÓN] Usuario 'admin' eliminó paciente: Fe, Nahuel. (DNI: 44398615)
[12-06-2025 15:06:17] [INICIO SESIÓN] Usuario 'nahuelfernandez105@gmail.com' inició sesión.
[12-06-2025 15:06:28] [INICIO SESIÓN] Usuario 'administracion' inició sesión como administrador.
[12-06-2025 15:09:40] [BÚSQUEDA] Usuario 'admin' buscó paciente con DNI: 12345678
[12-06-2025 15:09:40] [ENCONTRADO] Paciente encontrado: Fasf, Ads. (DNI: 12345678)
[12-06-2025 15:09:50] [BÚSQUEDA] Usuario 'admin' buscó paciente con DNI: 44398617
[12-06-2025 15:09:50] [ENCONTRADO] Paciente encontrado: Fernandez, Nahuel. (DNI: 44398617)
[12-06-2025 15:11:01] [BÚSQUEDA] Usuario 'admin' buscó paciente con DNI: 44423507
[12-06-2025 15:11:01] [ENCONTRADO] Paciente encontrado: Romero Eckerdt, Sofía. (DNI: 44423507)
[12-06-2025 15:12:48] [BÚSQUEDA] Usuario 'admin' buscó paciente con DNI: 44398617
[12-06-2025 15:12:48] [ENCONTRADO] Paciente encontrado: Fernandez, Nahuel. (DNI: 44398617)
[12-06-2025 15:46:37] [BÚSQUEDA] Usuario 'admin' buscó paciente con DNI: 44398617
[12-06-2025 15:46:37] [ENCONTRADO] Paciente encontrado: Fernandez, Nahuel. (DNI: 44398617)
[12-06-2025 15:47:30] [ERROR INICIO SESIÓN] Usuario 'nahuelfernandez105@gmail.com' intentó iniciar sesión y falló.
[12-06-2025 15:47:41] [ERROR INICIO SESIÓN] Usuario 'nahuelfernandez105@gmail.com' intentó iniciar sesión y falló.
